<?xml version="1.0" encoding="UTF-8"?>
<!-- Generated by org.testng.reporters.JUnitReportReporter -->
<testsuite hostname="DESKTOP-MB87MAP" failures="0" tests="1" name="testcases.TC002_LoginTest" time="12.135" errors="0" timestamp="2024-11-21T20:26:34 IST" skipped="0">
  <testcase classname="testcases.TC002_LoginTest" name="verify_login" time="12.135"/>
</testsuite> <!-- testcases.TC002_LoginTest -->
